Arguments: 
  /usr/local/bin/node /usr/local/Cellar/yarn/1.7.0/libexec/bin/yarn.js install --dev webpack-dev-server

PATH: 
  /Library/Java/JavaVirtualMachines/jdk1.8.0_151.jdk/Contents/Home/bin:/usr/local/bin:/usr/bin:/bin:/usr/sbin:/sbin:/Users/smilen/Documents/ENV/apache-maven-3.5.2/bin:/Applications/Postgres.app/Contents/Versions/10/bin

Yarn version: 
  1.7.0

Node version: 
  8.11.3

Platform: 
  darwin x64

Trace: 
  SyntaxError: /Users/smilen/Documents/Private/Code/webpack4-simple/package.json: Unexpected string in JSON at position 131
      at JSON.parse (<anonymous>)
      at /usr/local/Cellar/yarn/1.7.0/libexec/lib/cli.js:1130:59
      at Generator.next (<anonymous>)
      at step (/usr/local/Cellar/yarn/1.7.0/libexec/lib/cli.js:98:30)
      at /usr/local/Cellar/yarn/1.7.0/libexec/lib/cli.js:109:13
      at <anonymous>

npm manifest: 
  {
    "name": "webpack4-simple",
    "version": "1.0.0",
    "description": "",
    "main": "index.js",
    "scripts": {
      "start": ""
      "build": "webpack",
      "test": "echo \"Error: no test specified\" && exit 1"
    },
    "repository": {
      "type": "git",
      "url": "git+https://github.com/yurong111/webpack4-simple.git"
    },
    "author": "",
    "license": "ISC",
    "bugs": {
      "url": "https://github.com/yurong111/webpack4-simple/issues"
    },
    "homepage": "https://github.com/yurong111/webpack4-simple#readme",
    "devDependencies": {
      "webpack": "^4.6.0",
      "webpack-cli": "^2.0.15"
    },
    "dependencies": {
      "lodash": "^4.17.10"
    }
  }

yarn manifest: 
  No manifest

Lockfile: 
  No lockfile
